2026-04-15T19:02:07 [WARN] GBM is not supported with the current configuration. Fallback to Vulkan rendering in Chromium. (unknown:0, unknown)
2026-04-15T19:02:08 [DEBUG] ProjectTreePanel: Refreshing authoritative tree view. (/home/sheldonl/Development/rpgforge/src/projecttreepanel.cpp:186, void ProjectTreePanel::onProjectOpened())
2026-04-15T19:02:08 [DEBUG] KnowledgeBase: Initializing for project: "/home/sheldonl/Documents/Kabal RPG Project" (/home/sheldonl/Development/rpgforge/src/knowledgebase.cpp:62, void KnowledgeBase::initForProject(const QString&))
2026-04-15T19:02:08 [DEBUG] AgentGatekeeper: Resuming all background agents... (/home/sheldonl/Development/rpgforge/src/agentgatekeeper.cpp:40, void AgentGatekeeper::resumeAll())
2026-04-15T19:02:08 [DEBUG] Synopsis AI: Resuming... (/home/sheldonl/Development/rpgforge/src/synopsisservice.cpp:156, void SynopsisService::resume())
2026-04-15T19:02:08 [DEBUG] AgentGatekeeper: Resuming Data Extractor. (/home/sheldonl/Development/rpgforge/src/agentgatekeeper.cpp:46, void AgentGatekeeper::resumeAll())
2026-04-15T19:02:08 [DEBUG] Data Extractor: Resuming... (/home/sheldonl/Development/rpgforge/src/librarianservice.cpp:95, void LibrarianService::resume())
2026-04-15T19:02:08 [DEBUG] Synopsis AI: Scanning project for missing synopses... (/home/sheldonl/Development/rpgforge/src/synopsisservice.cpp:87, void SynopsisService::scanProject())
2026-04-15T19:02:08 [DEBUG] Synopsis AI: Found 63 items to check. (/home/sheldonl/Development/rpgforge/src/synopsisservice.cpp:126, void SynopsisService::scanProject())
2026-04-15T19:02:08 [DEBUG] Synopsis AI: Queuing update for "Art_of_Writing/Show_-_Dont_Tell.md" (/home/sheldonl/Development/rpgforge/src/synopsisservice.cpp:67, void SynopsisService::requestUpdate(const QString&, bool))
2026-04-15T19:02:08 [DEBUG] Synopsis AI: Queuing update for "Art_of_Writing/The_Basics_of_Writing.md" (/home/sheldonl/Development/rpgforge/src/synopsisservice.cpp:67, void SynopsisService::requestUpdate(const QString&, bool))
2026-04-15T19:02:08 [DEBUG] Synopsis AI: Queuing update for "Art_of_Writing/Structuring_Chapters.md" (/home/sheldonl/Development/rpgforge/src/synopsisservice.cpp:67, void SynopsisService::requestUpdate(const QString&, bool))
2026-04-15T19:02:08 [DEBUG] Synopsis AI: Queuing update for "Old_Manuscript_Ideas" (/home/sheldonl/Development/rpgforge/src/synopsisservice.cpp:67, void SynopsisService::requestUpdate(const QString&, bool))
2026-04-15T19:02:08 [DEBUG] Synopsis AI: Queuing update for "Novel_Format.md" (/home/sheldonl/Development/rpgforge/src/synopsisservice.cpp:67, void SynopsisService::requestUpdate(const QString&, bool))
2026-04-15T19:02:08 [DEBUG] Synopsis AI: Queuing update for "Template_Sheets" (/home/sheldonl/Development/rpgforge/src/synopsisservice.cpp:67, void SynopsisService::requestUpdate(const QString&, bool))
2026-04-15T19:02:08 [DEBUG] Synopsis AI: Queuing update for "Template_Sheets/Character_Sketch.md" (/home/sheldonl/Development/rpgforge/src/synopsisservice.cpp:67, void SynopsisService::requestUpdate(const QString&, bool))
2026-04-15T19:02:08 [DEBUG] Synopsis AI: Queuing update for "Template_Sheets/Character_Sheet_-_Alternate.md" (/home/sheldonl/Development/rpgforge/src/synopsisservice.cpp:67, void SynopsisService::requestUpdate(const QString&, bool))
2026-04-15T19:02:08 [DEBUG] Synopsis AI: Queuing update for "Template_Sheets/Location_Sheet.md" (/home/sheldonl/Development/rpgforge/src/synopsisservice.cpp:67, void SynopsisService::requestUpdate(const QString&, bool))
2026-04-15T19:02:08 [DEBUG] Synopsis AI: Queuing update for "Template_Sheets/Setting_Sketch.md" (/home/sheldonl/Development/rpgforge/src/synopsisservice.cpp:67, void SynopsisService::requestUpdate(const QString&, bool))
2026-04-15T19:02:08 [DEBUG] Synopsis AI: Queuing update for "Template_Sheets/Novel_Template.md" (/home/sheldonl/Development/rpgforge/src/synopsisservice.cpp:67, void SynopsisService::requestUpdate(const QString&, bool))
2026-04-15T19:02:08 [DEBUG] Synopsis AI: Queuing update for "Template_Sheets/Story_Outline.md" (/home/sheldonl/Development/rpgforge/src/synopsisservice.cpp:67, void SynopsisService::requestUpdate(const QString&, bool))
2026-04-15T19:02:08 [DEBUG] Synopsis AI: Queuing update for "lorekeeper" (/home/sheldonl/Development/rpgforge/src/synopsisservice.cpp:67, void SynopsisService::requestUpdate(const QString&, bool))
2026-04-15T19:02:08 [DEBUG] KnowledgeBase: Performing full project reindex... (/home/sheldonl/Development/rpgforge/src/knowledgebase.cpp:356, void KnowledgeBase::reindexProject())
2026-04-15T19:02:08 [WARN] Failed to register with host portal QDBusError("org.freedesktop.portal.Error.Failed", "Could not register app ID: App info not found for 'org.kde.rpgforge'") (unknown:0, unknown)
2026-04-15T19:02:15 [DEBUG] Lore AI: Force scanning document: "/home/sheldonl/Documents/Kabal RPG Project/Prologue_/Prologue.md" (/home/sheldonl/Development/rpgforge/src/lorekeeperservice.cpp:180, void LoreKeeperService::indexDocument(const QString&))
2026-04-15T19:02:23 [DEBUG] Lore AI: Starting manuscript scan... (/home/sheldonl/Development/rpgforge/src/lorekeeperservice.cpp:86, void LoreKeeperService::scanManuscript())
2026-04-15T19:02:26 [DEBUG] Lore AI: Discovery found entities: "\n[\n  \"Ryzen\",\n  \"Master Sendai\",\n  \"King of Jah-Re-Bah\",\n  \"Caravan leader\"\n]\n" (/home/sheldonl/Development/rpgforge/src/lorekeeperservice.cpp:238, LoreKeeperService::indexDocument(const QString&)::<lambda(const QString&)>)
2026-04-15T19:02:37 [DEBUG] Lore AI: Writing lore for "Caravan leader" to "/home/sheldonl/Documents/Kabal RPG Project/lorekeeper/Characters/Caravan leader.md" (/home/sheldonl/Development/rpgforge/src/lorekeeperservice.cpp:315, LoreKeeperService::updateEntityLore(const QString&, const QString&, const QString&)::<lambda(const QString&)>)
2026-04-15T19:02:37 [DEBUG] Lore AI: Writing lore for "Ryzen" to "/home/sheldonl/Documents/Kabal RPG Project/lorekeeper/Characters/Ryzen.md" (/home/sheldonl/Development/rpgforge/src/lorekeeperservice.cpp:315, LoreKeeperService::updateEntityLore(const QString&, const QString&, const QString&)::<lambda(const QString&)>)
2026-04-15T19:02:37 [DEBUG] Lore AI: Writing lore for "King of Jah-Re-Bah" to "/home/sheldonl/Documents/Kabal RPG Project/lorekeeper/Characters/King of Jah-Re-Bah.md" (/home/sheldonl/Development/rpgforge/src/lorekeeperservice.cpp:315, LoreKeeperService::updateEntityLore(const QString&, const QString&, const QString&)::<lambda(const QString&)>)
2026-04-15T19:02:37 [DEBUG] Lore AI: Writing lore for "Master Sendai" to "/home/sheldonl/Documents/Kabal RPG Project/lorekeeper/Characters/Master Sendai.md" (/home/sheldonl/Development/rpgforge/src/lorekeeperservice.cpp:315, LoreKeeperService::updateEntityLore(const QString&, const QString&, const QString&)::<lambda(const QString&)>)
2026-04-15T19:02:37 [DEBUG] ProjectManager: Processing 4 tree update requests. (/home/sheldonl/Development/rpgforge/src/projectmanager.cpp:445, void ProjectManager::processTreeUpdateQueue())
